<?xml version="1.0" encoding="UTF-8"?>
<!-- Generated by org.testng.reporters.JUnitReportReporter -->
<testsuite skipped="0" hostname="Ivans-MacBook-Pro.local" name="com.westville.testCases.TC_ValidatingData_004" tests="1" failures="0" timestamp="04 Apr 2020 21:39:27 GMT" time="0.840" errors="0">
  <testcase name="compareFile" time="0.840" classname="com.westville.testCases.TC_ValidatingData_004"/>
</testsuite> <!-- com.westville.testCases.TC_ValidatingData_004 -->
