<?xml version="1.0" encoding="UTF-8"?>
<!-- Generated by org.testng.reporters.JUnitReportReporter -->
<testsuite skipped="0" hostname="Ivans-MacBook-Pro.local" name="com.westville.testCases.TC_GettingData_001" tests="1" failures="0" timestamp="04 Apr 2020 21:39:32 GMT" time="7.367" errors="0">
  <testcase name="getWebData" time="7.367" classname="com.westville.testCases.TC_GettingData_001"/>
</testsuite> <!-- com.westville.testCases.TC_GettingData_001 -->
